<?xml version="1.0" encoding="UTF-8"?>
<testng-results ignored="0" total="3" passed="3" failed="0" skipped="0">
  <reporter-output>
  </reporter-output>
  <suite started-at="2024-08-16T18:41:44 IST" name="Default suite" finished-at="2024-08-16T18:41:44 IST" duration-ms="54">
    <groups>
    </groups>
    <test started-at="2024-08-16T18:41:44 IST" name="Default test" finished-at="2024-08-16T18:41:44 IST" duration-ms="54">
      <class name="Pac2.ContactTest">
        <test-method signature="createcontacTest()[pri:0, instance:Pac2.ContactTest@2a54a73f]" started-at="2024-08-16T18:41:44 IST" name="createcontacTest" finished-at="2024-08-16T18:41:44 IST" duration-ms="10" status="PASS">
          <reporter-output>
          </reporter-output>
        </test-method> <!-- createcontacTest -->
        <test-method signature="deleteContactTest()[pri:0, instance:Pac2.ContactTest@2a54a73f]" started-at="2024-08-16T18:41:44 IST" name="deleteContactTest" finished-at="2024-08-16T18:41:44 IST" duration-ms="2" status="PASS">
          <reporter-output>
          </reporter-output>
        </test-method> <!-- deleteContactTest -->
        <test-method signature="modifycontactTest()[pri:0, instance:Pac2.ContactTest@2a54a73f]" started-at="2024-08-16T18:41:44 IST" name="modifycontactTest" finished-at="2024-08-16T18:41:44 IST" duration-ms="1" status="PASS">
          <reporter-output>
          </reporter-output>
        </test-method> <!-- modifycontactTest -->
      </class> <!-- Pac2.ContactTest -->
    </test> <!-- Default test -->
  </suite> <!-- Default suite -->
</testng-results>
