<?xml version="1.0" encoding="UTF-8"?>
<!-- Generated by org.testng.reporters.JUnitXMLReporter -->
<testsuite ignored="0" hostname="DK" failures="0" tests="3" name="Default test" time="0.054" errors="0" timestamp="2024-08-16T18:41:45 IST">
  <testcase classname="Pac2.ContactTest" name="createcontacTest" time="0.01"/>
  <testcase classname="Pac2.ContactTest" name="deleteContactTest" time="0.002"/>
  <testcase classname="Pac2.ContactTest" name="modifycontactTest" time="0.001"/>
</testsuite> <!-- Default test -->
